Vivado Simulator v2022.1
Copyright 1986-1999, 2001-2022 Xilinx, Inc. All Rights Reserved.
Running: C:/ProgramFiles/Xilinx/Vivado/2022.1/bin/unwrapped/win64.o/xelab.exe --incr --debug typical --relax --mt 2 -L xil_defaultlib -L unisims_ver -L unimacro_ver -L secureip --snapshot systolic_tb_behav xil_defaultlib.systolic_tb xil_defaultlib.glbl -log elaborate.log 
Using 2 slave threads.
Starting static elaboration
Pass Through NonSizing Optimizer
Completed static elaboration
Starting simulation data flow analysis
WARNING: [XSIM 43-4099] "D:/Repository/ann_processor/vivado/vivado.srcs/sources_1/new/systolic.v" Line 1. Module systolic doesn't have a timescale but at least one module in design has a timescale.
WARNING: [XSIM 43-4099] "D:/Repository/ann_processor/vivado/vivado.srcs/sources_1/new/register.v" Line 1. Module register doesn't have a timescale but at least one module in design has a timescale.
WARNING: [XSIM 43-4099] "D:/Repository/ann_processor/vivado/vivado.srcs/sources_1/new/register.v" Line 1. Module register doesn't have a timescale but at least one module in design has a timescale.
WARNING: [XSIM 43-4099] "D:/Repository/ann_processor/vivado/vivado.srcs/sources_1/new/register.v" Line 1. Module register doesn't have a timescale but at least one module in design has a timescale.
WARNING: [XSIM 43-4099] "D:/Repository/ann_processor/vivado/vivado.srcs/sources_1/new/register.v" Line 1. Module register doesn't have a timescale but at least one module in design has a timescale.
WARNING: [XSIM 43-4099] "D:/Repository/ann_processor/vivado/vivado.srcs/sources_1/new/register.v" Line 1. Module register doesn't have a timescale but at least one module in design has a timescale.
WARNING: [XSIM 43-4099] "D:/Repository/ann_processor/vivado/vivado.srcs/sources_1/new/register.v" Line 1. Module register doesn't have a timescale but at least one module in design has a timescale.
WARNING: [XSIM 43-4099] "D:/Repository/ann_processor/vivado/vivado.srcs/sources_1/new/register.v" Line 1. Module register doesn't have a timescale but at least one module in design has a timescale.
WARNING: [XSIM 43-4099] "D:/Repository/ann_processor/vivado/vivado.srcs/sources_1/new/register.v" Line 1. Module register doesn't have a timescale but at least one module in design has a timescale.
WARNING: [XSIM 43-4099] "D:/Repository/ann_processor/vivado/vivado.srcs/sources_1/new/register.v" Line 1. Module register doesn't have a timescale but at least one module in design has a timescale.
WARNING: [XSIM 43-4099] "D:/Repository/ann_processor/vivado/vivado.srcs/sources_1/new/register.v" Line 1. Module register doesn't have a timescale but at least one module in design has a timescale.
WARNING: [XSIM 43-4099] "D:/Repository/ann_processor/vivado/vivado.srcs/sources_1/new/register.v" Line 1. Module register doesn't have a timescale but at least one module in design has a timescale.
WARNING: [XSIM 43-4099] "D:/Repository/ann_processor/vivado/vivado.srcs/sources_1/new/register.v" Line 1. Module register doesn't have a timescale but at least one module in design has a timescale.
WARNING: [XSIM 43-4099] "D:/Repository/ann_processor/vivado/vivado.srcs/sources_1/new/register.v" Line 1. Module register doesn't have a timescale but at least one module in design has a timescale.
WARNING: [XSIM 43-4099] "D:/Repository/ann_processor/vivado/vivado.srcs/sources_1/new/register.v" Line 1. Module register doesn't have a timescale but at least one module in design has a timescale.
WARNING: [XSIM 43-4099] "D:/Repository/ann_processor/vivado/vivado.srcs/sources_1/new/register.v" Line 1. Module register doesn't have a timescale but at least one module in design has a timescale.
WARNING: [XSIM 43-4099] "D:/Repository/ann_processor/vivado/vivado.srcs/sources_1/new/register.v" Line 1. Module register doesn't have a timescale but at least one module in design has a timescale.
WARNING: [XSIM 43-4099] "D:/Repository/ann_processor/vivado/vivado.srcs/sources_1/new/register.v" Line 1. Module register doesn't have a timescale but at least one module in design has a timescale.
WARNING: [XSIM 43-4099] "D:/Repository/ann_processor/vivado/vivado.srcs/sources_1/new/register.v" Line 1. Module register doesn't have a timescale but at least one module in design has a timescale.
WARNING: [XSIM 43-4099] "D:/Repository/ann_processor/vivado/vivado.srcs/sources_1/new/register.v" Line 1. Module register doesn't have a timescale but at least one module in design has a timescale.
WARNING: [XSIM 43-4099] "D:/Repository/ann_processor/vivado/vivado.srcs/sources_1/new/register.v" Line 1. Module register doesn't have a timescale but at least one module in design has a timescale.
WARNING: [XSIM 43-4099] "D:/Repository/ann_processor/vivado/vivado.srcs/sources_1/new/register.v" Line 1. Module register doesn't have a timescale but at least one module in design has a timescale.
WARNING: [XSIM 43-4099] "D:/Repository/ann_processor/vivado/vivado.srcs/sources_1/new/pe.v" Line 1. Module pe doesn't have a timescale but at least one module in design has a timescale.
WARNING: [XSIM 43-4099] "D:/Repository/ann_processor/vivado/vivado.srcs/sources_1/new/pe.v" Line 1. Module pe doesn't have a timescale but at least one module in design has a timescale.
WARNING: [XSIM 43-4099] "D:/Repository/ann_processor/vivado/vivado.srcs/sources_1/new/pe.v" Line 1. Module pe doesn't have a timescale but at least one module in design has a timescale.
WARNING: [XSIM 43-4099] "D:/Repository/ann_processor/vivado/vivado.srcs/sources_1/new/pe.v" Line 1. Module pe doesn't have a timescale but at least one module in design has a timescale.
WARNING: [XSIM 43-4099] "D:/Repository/ann_processor/vivado/vivado.srcs/sources_1/new/pe.v" Line 1. Module pe doesn't have a timescale but at least one module in design has a timescale.
WARNING: [XSIM 43-4099] "D:/Repository/ann_processor/vivado/vivado.srcs/sources_1/new/pe.v" Line 1. Module pe doesn't have a timescale but at least one module in design has a timescale.
WARNING: [XSIM 43-4099] "D:/Repository/ann_processor/vivado/vivado.srcs/sources_1/new/pe.v" Line 1. Module pe doesn't have a timescale but at least one module in design has a timescale.
WARNING: [XSIM 43-4099] "D:/Repository/ann_processor/vivado/vivado.srcs/sources_1/new/pe.v" Line 1. Module pe doesn't have a timescale but at least one module in design has a timescale.
WARNING: [XSIM 43-4099] "D:/Repository/ann_processor/vivado/vivado.srcs/sources_1/new/pe.v" Line 1. Module pe doesn't have a timescale but at least one module in design has a timescale.
WARNING: [XSIM 43-4099] "D:/Repository/ann_processor/vivado/vivado.srcs/sources_1/new/pe.v" Line 1. Module pe doesn't have a timescale but at least one module in design has a timescale.
WARNING: [XSIM 43-4099] "D:/Repository/ann_processor/vivado/vivado.srcs/sources_1/new/pe.v" Line 1. Module pe doesn't have a timescale but at least one module in design has a timescale.
WARNING: [XSIM 43-4099] "D:/Repository/ann_processor/vivado/vivado.srcs/sources_1/new/pe.v" Line 1. Module pe doesn't have a timescale but at least one module in design has a timescale.
WARNING: [XSIM 43-4099] "D:/Repository/ann_processor/vivado/vivado.srcs/sources_1/new/pe.v" Line 1. Module pe doesn't have a timescale but at least one module in design has a timescale.
WARNING: [XSIM 43-4099] "D:/Repository/ann_processor/vivado/vivado.srcs/sources_1/new/pe.v" Line 1. Module pe doesn't have a timescale but at least one module in design has a timescale.
WARNING: [XSIM 43-4099] "D:/Repository/ann_processor/vivado/vivado.srcs/sources_1/new/pe.v" Line 1. Module pe doesn't have a timescale but at least one module in design has a timescale.
WARNING: [XSIM 43-4099] "D:/Repository/ann_processor/vivado/vivado.srcs/sources_1/new/pe.v" Line 1. Module pe doesn't have a timescale but at least one module in design has a timescale.
WARNING: [XSIM 43-4099] "D:/Repository/ann_processor/vivado/vivado.srcs/sources_1/new/pe.v" Line 1. Module pe doesn't have a timescale but at least one module in design has a timescale.
WARNING: [XSIM 43-4099] "D:/Repository/ann_processor/vivado/vivado.srcs/sources_1/new/pe.v" Line 1. Module pe doesn't have a timescale but at least one module in design has a timescale.
WARNING: [XSIM 43-4099] "D:/Repository/ann_processor/vivado/vivado.srcs/sources_1/new/pe.v" Line 1. Module pe doesn't have a timescale but at least one module in design has a timescale.
WARNING: [XSIM 43-4099] "D:/Repository/ann_processor/vivado/vivado.srcs/sources_1/new/pe.v" Line 1. Module pe doesn't have a timescale but at least one module in design has a timescale.
WARNING: [XSIM 43-4099] "D:/Repository/ann_processor/vivado/vivado.srcs/sources_1/new/pe.v" Line 1. Module pe doesn't have a timescale but at least one module in design has a timescale.
WARNING: [XSIM 43-4099] "D:/Repository/ann_processor/vivado/vivado.srcs/sources_1/new/pe.v" Line 1. Module pe doesn't have a timescale but at least one module in design has a timescale.
WARNING: [XSIM 43-4099] "D:/Repository/ann_processor/vivado/vivado.srcs/sources_1/new/pe.v" Line 1. Module pe doesn't have a timescale but at least one module in design has a timescale.
WARNING: [XSIM 43-4099] "D:/Repository/ann_processor/vivado/vivado.srcs/sources_1/new/pe.v" Line 1. Module pe doesn't have a timescale but at least one module in design has a timescale.
WARNING: [XSIM 43-4099] "D:/Repository/ann_processor/vivado/vivado.srcs/sources_1/new/pe.v" Line 1. Module pe doesn't have a timescale but at least one module in design has a timescale.
WARNING: [XSIM 43-4099] "D:/Repository/ann_processor/vivado/vivado.srcs/sources_1/new/pe.v" Line 1. Module pe doesn't have a timescale but at least one module in design has a timescale.
WARNING: [XSIM 43-4099] "D:/Repository/ann_processor/vivado/vivado.srcs/sources_1/new/pe.v" Line 1. Module pe doesn't have a timescale but at least one module in design has a timescale.
WARNING: [XSIM 43-4099] "D:/Repository/ann_processor/vivado/vivado.srcs/sources_1/new/pe.v" Line 1. Module pe doesn't have a timescale but at least one module in design has a timescale.
WARNING: [XSIM 43-4099] "D:/Repository/ann_processor/vivado/vivado.srcs/sources_1/new/pe.v" Line 1. Module pe doesn't have a timescale but at least one module in design has a timescale.
WARNING: [XSIM 43-4099] "D:/Repository/ann_processor/vivado/vivado.srcs/sources_1/new/pe.v" Line 1. Module pe doesn't have a timescale but at least one module in design has a timescale.
WARNING: [XSIM 43-4099] "D:/Repository/ann_processor/vivado/vivado.srcs/sources_1/new/pe.v" Line 1. Module pe doesn't have a timescale but at least one module in design has a timescale.
WARNING: [XSIM 43-4099] "D:/Repository/ann_processor/vivado/vivado.srcs/sources_1/new/pe.v" Line 1. Module pe doesn't have a timescale but at least one module in design has a timescale.
WARNING: [XSIM 43-4099] "D:/Repository/ann_processor/vivado/vivado.srcs/sources_1/new/pe.v" Line 1. Module pe doesn't have a timescale but at least one module in design has a timescale.
WARNING: [XSIM 43-4099] "D:/Repository/ann_processor/vivado/vivado.srcs/sources_1/new/pe.v" Line 1. Module pe doesn't have a timescale but at least one module in design has a timescale.
WARNING: [XSIM 43-4099] "D:/Repository/ann_processor/vivado/vivado.srcs/sources_1/new/pe.v" Line 1. Module pe doesn't have a timescale but at least one module in design has a timescale.
WARNING: [XSIM 43-4099] "D:/Repository/ann_processor/vivado/vivado.srcs/sources_1/new/pe.v" Line 1. Module pe doesn't have a timescale but at least one module in design has a timescale.
WARNING: [XSIM 43-4099] "D:/Repository/ann_processor/vivado/vivado.srcs/sources_1/new/register.v" Line 1. Module register doesn't have a timescale but at least one module in design has a timescale.
WARNING: [XSIM 43-4099] "D:/Repository/ann_processor/vivado/vivado.srcs/sources_1/new/register.v" Line 1. Module register doesn't have a timescale but at least one module in design has a timescale.
WARNING: [XSIM 43-4099] "D:/Repository/ann_processor/vivado/vivado.srcs/sources_1/new/register.v" Line 1. Module register doesn't have a timescale but at least one module in design has a timescale.
WARNING: [XSIM 43-4099] "D:/Repository/ann_processor/vivado/vivado.srcs/sources_1/new/register.v" Line 1. Module register doesn't have a timescale but at least one module in design has a timescale.
WARNING: [XSIM 43-4099] "D:/Repository/ann_processor/vivado/vivado.srcs/sources_1/new/register.v" Line 1. Module register doesn't have a timescale but at least one module in design has a timescale.
WARNING: [XSIM 43-4099] "D:/Repository/ann_processor/vivado/vivado.srcs/sources_1/new/register.v" Line 1. Module register doesn't have a timescale but at least one module in design has a timescale.
WARNING: [XSIM 43-4099] "D:/Repository/ann_processor/vivado/vivado.srcs/sources_1/new/register.v" Line 1. Module register doesn't have a timescale but at least one module in design has a timescale.
WARNING: [XSIM 43-4099] "D:/Repository/ann_processor/vivado/vivado.srcs/sources_1/new/register.v" Line 1. Module register doesn't have a timescale but at least one module in design has a timescale.
WARNING: [XSIM 43-4099] "D:/Repository/ann_processor/vivado/vivado.srcs/sources_1/new/register.v" Line 1. Module register doesn't have a timescale but at least one module in design has a timescale.
WARNING: [XSIM 43-4099] "D:/Repository/ann_processor/vivado/vivado.srcs/sources_1/new/register.v" Line 1. Module register doesn't have a timescale but at least one module in design has a timescale.
WARNING: [XSIM 43-4099] "D:/Repository/ann_processor/vivado/vivado.srcs/sources_1/new/register.v" Line 1. Module register doesn't have a timescale but at least one module in design has a timescale.
WARNING: [XSIM 43-4099] "D:/Repository/ann_processor/vivado/vivado.srcs/sources_1/new/register.v" Line 1. Module register doesn't have a timescale but at least one module in design has a timescale.
WARNING: [XSIM 43-4099] "D:/Repository/ann_processor/vivado/vivado.srcs/sources_1/new/register.v" Line 1. Module register doesn't have a timescale but at least one module in design has a timescale.
WARNING: [XSIM 43-4099] "D:/Repository/ann_processor/vivado/vivado.srcs/sources_1/new/register.v" Line 1. Module register doesn't have a timescale but at least one module in design has a timescale.
WARNING: [XSIM 43-4099] "D:/Repository/ann_processor/vivado/vivado.srcs/sources_1/new/register.v" Line 1. Module register doesn't have a timescale but at least one module in design has a timescale.
WARNING: [XSIM 43-4099] "D:/Repository/ann_processor/vivado/vivado.srcs/sources_1/new/register.v" Line 1. Module register doesn't have a timescale but at least one module in design has a timescale.
WARNING: [XSIM 43-4099] "D:/Repository/ann_processor/vivado/vivado.srcs/sources_1/new/register.v" Line 1. Module register doesn't have a timescale but at least one module in design has a timescale.
WARNING: [XSIM 43-4099] "D:/Repository/ann_processor/vivado/vivado.srcs/sources_1/new/register.v" Line 1. Module register doesn't have a timescale but at least one module in design has a timescale.
WARNING: [XSIM 43-4099] "D:/Repository/ann_processor/vivado/vivado.srcs/sources_1/new/register.v" Line 1. Module register doesn't have a timescale but at least one module in design has a timescale.
WARNING: [XSIM 43-4099] "D:/Repository/ann_processor/vivado/vivado.srcs/sources_1/new/register.v" Line 1. Module register doesn't have a timescale but at least one module in design has a timescale.
WARNING: [XSIM 43-4099] "D:/Repository/ann_processor/vivado/vivado.srcs/sources_1/new/register.v" Line 1. Module register doesn't have a timescale but at least one module in design has a timescale.
WARNING: [XSIM 43-4099] "D:/Repository/ann_processor/vivado/vivado.srcs/sources_1/new/register.v" Line 1. Module register doesn't have a timescale but at least one module in design has a timescale.
WARNING: [XSIM 43-4099] "D:/Repository/ann_processor/vivado/vivado.srcs/sources_1/new/register.v" Line 1. Module register doesn't have a timescale but at least one module in design has a timescale.
WARNING: [XSIM 43-4099] "D:/Repository/ann_processor/vivado/vivado.srcs/sources_1/new/register.v" Line 1. Module register doesn't have a timescale but at least one module in design has a timescale.
WARNING: [XSIM 43-4099] "D:/Repository/ann_processor/vivado/vivado.srcs/sources_1/new/register.v" Line 1. Module register doesn't have a timescale but at least one module in design has a timescale.
WARNING: [XSIM 43-4099] "D:/Repository/ann_processor/vivado/vivado.srcs/sources_1/new/register.v" Line 1. Module register doesn't have a timescale but at least one module in design has a timescale.
WARNING: [XSIM 43-4099] "D:/Repository/ann_processor/vivado/vivado.srcs/sources_1/new/register.v" Line 1. Module register doesn't have a timescale but at least one module in design has a timescale.
WARNING: [XSIM 43-4099] "D:/Repository/ann_processor/vivado/vivado.srcs/sources_1/new/register.v" Line 1. Module register doesn't have a timescale but at least one module in design has a timescale.
WARNING: [XSIM 43-4099] "D:/Repository/ann_processor/vivado/vivado.srcs/sources_1/new/register.v" Line 1. Module register doesn't have a timescale but at least one module in design has a timescale.
WARNING: [XSIM 43-4099] "D:/Repository/ann_processor/vivado/vivado.srcs/sources_1/new/register.v" Line 1. Module register doesn't have a timescale but at least one module in design has a timescale.
WARNING: [XSIM 43-4099] "D:/Repository/ann_processor/vivado/vivado.srcs/sources_1/new/register.v" Line 1. Module register doesn't have a timescale but at least one module in design has a timescale.
WARNING: [XSIM 43-4099] "D:/Repository/ann_processor/vivado/vivado.srcs/sources_1/new/register.v" Line 1. Module register doesn't have a timescale but at least one module in design has a timescale.
WARNING: [XSIM 43-4099] "D:/Repository/ann_processor/vivado/vivado.srcs/sources_1/new/register.v" Line 1. Module register doesn't have a timescale but at least one module in design has a timescale.
WARNING: [XSIM 43-4099] "D:/Repository/ann_processor/vivado/vivado.srcs/sources_1/new/register.v" Line 1. Module register doesn't have a timescale but at least one module in design has a timescale.
WARNING: [XSIM 43-4099] "D:/Repository/ann_processor/vivado/vivado.srcs/sources_1/new/register.v" Line 1. Module register doesn't have a timescale but at least one module in design has a timescale.
WARNING: [XSIM 43-4099] "D:/Repository/ann_processor/vivado/vivado.srcs/sources_1/new/register.v" Line 1. Module register doesn't have a timescale but at least one module in design has a timescale.
WARNING: [XSIM 43-4099] "D:/Repository/ann_processor/vivado/vivado.srcs/sources_1/new/register.v" Line 1. Module register doesn't have a timescale but at least one module in design has a timescale.
WARNING: [XSIM 43-4099] "D:/Repository/ann_processor/vivado/vivado.srcs/sources_1/new/register.v" Line 1. Module register doesn't have a timescale but at least one module in design has a timescale.
WARNING: [XSIM 43-4099] "D:/Repository/ann_processor/vivado/vivado.srcs/sources_1/new/register.v" Line 1. Module register doesn't have a timescale but at least one module in design has a timescale.
WARNING: [XSIM 43-4099] "D:/Repository/ann_processor/vivado/vivado.srcs/sources_1/new/register.v" Line 1. Module register doesn't have a timescale but at least one module in design has a timescale.
WARNING: [XSIM 43-4099] "D:/Repository/ann_processor/vivado/vivado.srcs/sources_1/new/register.v" Line 1. Module register doesn't have a timescale but at least one module in design has a timescale.
WARNING: [XSIM 43-4099] "D:/Repository/ann_processor/vivado/vivado.srcs/sources_1/new/register.v" Line 1. Module register doesn't have a timescale but at least one module in design has a timescale.
INFO: [Common 17-14] Message 'XSIM 43-4099' appears 100 times and further instances of the messages will be disabled. Use the Tcl command set_msg_config to change the current settings.
Completed simulation data flow analysis
Time Resolution for simulation is 1ps
Compiling module xil_defaultlib.register
Compiling module xil_defaultlib.pe
Compiling module xil_defaultlib.register(WIDTH=1)
Compiling module xil_defaultlib.systolic
Compiling module xil_defaultlib.systolic_tb
Compiling module xil_defaultlib.glbl
Built simulation snapshot systolic_tb_behav
